[21.328449249] 2019-02-06 14:29:30,539 - INFO - launcher: Starting sanity checks
[21.328449249] 2019-02-06 14:29:30,539 - INFO - launcher: Checking for Python 3.5+
[21.328449249] 2019-02-06 14:29:30,539 - INFO - launcher: Checking console encoding
[21.824598312] 2019-02-06 14:29:30,540 - INFO - launcher: Setting console encoding to UTF-8
[21.824598312] 2019-02-06 14:29:30,540 - INFO - launcher: Ensuring we're in the right environment
[23.312330246] 2019-02-06 14:29:30,541 - INFO - launcher: Adding local bins/ folder to path
[447.391986847] 2019-02-06 14:29:30,965 - INFO - launcher: Required checks passed.
[447.887897491] 2019-02-06 14:29:30,966 - INFO - launcher: Optional checks passed.
[447.887897491] 2019-02-06 14:29:30,966 - INFO - launcher: Moving old musicbot log

######################### PRE-RUN SANITY CHECKS PASSED #########################

[0.9275202751159668] 2019-02-06 14:29:31,446 - WARNING - musicbot.config | In config.py::MainThread(33476), line 116 in run_checks: i18n file does not exist. Trying to fallback to config/i18n/en.json.
[0.9280159473419189] 2019-02-06 14:29:31,446 - INFO - musicbot.config | In config.py::MainThread(33476), line 127 in run_checks: Using i18n: config/i18n/en.json
[0.9300000667572021] 2019-02-06 14:29:31,448 - DEBUG - musicbot.bot | In bot.py::MainThread(33476), line 226 in _setup_logging: Set logging level to INFO
[0.9319829940795898] 2019-02-06 14:29:31,450 - DEBUG - musicbot.json | In json.py::MainThread(33476), line 8 in __init__: Init JSON obj with config/i18n/en.json
[0.9498388767242432] 2019-02-06 14:29:31,468 - INFO - musicbot.bot | In bot.py::MainThread(33476), line 91 in __init__: Starting MusicBot 1.9.8_4
[0.9508314132690430] 2019-02-06 14:29:31,469 - INFO - musicbot.bot | In bot.py::MainThread(33476), line 97 in __init__: Loaded autoplaylist with 247 entries
[1.1160230636596680] 2019-02-06 14:29:31,634 - DEBUG - musicbot.spotify | In spotify.py::MainThread(33476), line 74 in get_token: Created a new access token: {'access_token': 'BQDx7fapcn4xADcOeMGla1Q1BiZUMB19CKexMJC8k91TV6iZDZtZ1ixhSEOfFQ76TVYuTj48yca1hLA_Y44', 'token_type': 'Bearer', 'expires_in': 3600, 'scope': '', 'expires_at': 1549488571}
[1.1160230636596680] 2019-02-06 14:29:31,634 - INFO - musicbot.bot | In bot.py::MainThread(33476), line 122 in __init__: Authenticated with Spotify successfully using client ID and secret.
[3.4939081668853760] 2019-02-06 14:29:34,012 - DEBUG - musicbot.bot | In bot.py::MainThread(33476), line 922 in on_ready: Connection established, ready to go.
[3.4939081668853760] 2019-02-06 14:29:34,012 - DEBUG - musicbot.bot | In bot.py::MainThread(33476), line 340 in _cache_app_info: Caching app info
[3.5613842010498047] 2019-02-06 14:29:34,079 - DEBUG - musicbot.bot | In bot.py::MainThread(33476), line 744 in _scheck_ensure_env: Ensuring data folders exist
[3.5643708705902100] 2019-02-06 14:29:34,082 - DEBUG - musicbot.bot | In bot.py::MainThread(33476), line 760 in _scheck_server_permissions: Checking server permissions
[3.5643708705902100] 2019-02-06 14:29:34,082 - DEBUG - musicbot.bot | In bot.py::MainThread(33476), line 764 in _scheck_autoplaylist: Auditing autoplaylist
[3.5648560523986816] 2019-02-06 14:29:34,083 - DEBUG - musicbot.bot | In bot.py::MainThread(33476), line 768 in _scheck_configs: Validating config
[3.5648560523986816] 2019-02-06 14:29:34,083 - DEBUG - musicbot.config | In config.py::MainThread(33476), line 217 in async_validate: Validating options...
[3.5648560523986816] 2019-02-06 14:29:34,083 - DEBUG - musicbot.config | In config.py::MainThread(33476), line 231 in async_validate: Acquired owner id via API
[3.5648560523986816] 2019-02-06 14:29:34,083 - DEBUG - musicbot.bot | In bot.py::MainThread(33476), line 771 in _scheck_configs: Validating permissions config
[3.5648560523986816] 2019-02-06 14:29:34,083 - DEBUG - musicbot.permissions | In permissions.py::MainThread(33476), line 94 in async_validate: Validating permissions...
[3.5648560523986816] 2019-02-06 14:29:34,083 - DEBUG - musicbot.permissions | In permissions.py::MainThread(33476), line 98 in async_validate: Fixing automatic owner group
[3.5648560523986816] 2019-02-06 14:29:34,083 - INFO - musicbot.bot | In bot.py::MainThread(33476), line 939 in on_ready: Connected: 443672652125831169/Music Daddy#0707
[3.5653522014617920] 2019-02-06 14:29:34,083 - INFO - musicbot.bot | In bot.py::MainThread(33476), line 947 in on_ready: Owner:     197700775567294464/Polyduck#6933

[3.5658481121063232] 2019-02-06 14:29:34,084 - INFO - musicbot.bot | In bot.py::MainThread(33476), line 950 in on_ready: Guild List:
[3.5663442611694336] 2019-02-06 14:29:34,084 - INFO - musicbot.bot | In bot.py::MainThread(33476), line 954 in on_ready:  - The Ducklings CompeteLeague Team
[3.5663442611694336] 2019-02-06 14:29:34,084 - INFO - musicbot.bot | In bot.py::MainThread(33476), line 954 in on_ready:  - Discord Server For When Krysten's Around Because She Hates Everyone Else's Discord Servers
[3.5668399333953857] 2019-02-06 14:29:34,085 - INFO - musicbot.bot | In bot.py::MainThread(33476), line 954 in on_ready:  - Polypaston
[3.5673356056213379] 2019-02-06 14:29:34,085 - INFO - musicbot.bot | In bot.py::MainThread(33476), line 997 in on_ready: Bound to text channels:
[3.5678391456604004] 2019-02-06 14:29:34,086 - INFO - musicbot.bot | In bot.py::MainThread(33476), line 998 in <listcomp>:  - Polypaston/musicbot
[3.5678391456604004] 2019-02-06 14:29:34,086 - INFO - musicbot.bot | In bot.py::MainThread(33476), line 998 in <listcomp>:  - Discord Server For When Krysten's Around Because She Hates Everyone Else's Discord Servers/musicrequest
[3.5678391456604004] 2019-02-06 14:29:34,086 - INFO - musicbot.bot | In bot.py::MainThread(33476), line 998 in <listcomp>:  - Discord Server For When Krysten's Around Because She Hates Everyone Else's Discord Servers/k9
[3.5683281421661377] 2019-02-06 14:29:34,086 - INFO - musicbot.bot | In bot.py::MainThread(33476), line 998 in <listcomp>:  - The Ducklings CompeteLeague Team/music-requests
[3.5683281421661377] 2019-02-06 14:29:34,086 - INFO - musicbot.bot | In bot.py::MainThread(33476), line 1023 in on_ready: Autojoining voice channels:
[3.5688240528106689] 2019-02-06 14:29:34,087 - INFO - musicbot.bot | In bot.py::MainThread(33476), line 1024 in <listcomp>:  - Polypaston/General
[3.5688240528106689] 2019-02-06 14:29:34,087 - INFO - musicbot.bot | In bot.py::MainThread(33476), line 1024 in <listcomp>:  - The Ducklings CompeteLeague Team/General
[3.5703113079071045] 2019-02-06 14:29:34,088 - INFO - musicbot.bot | In bot.py::MainThread(33476), line 270 in _join_startup_channels: Found owner in "klub"
[3.5708127021789551] 2019-02-06 14:29:34,089 - INFO - musicbot.bot | In bot.py::MainThread(33476), line 279 in _join_startup_channels: Attempting to join Polypaston/General
[3.8381519317626953] 2019-02-06 14:29:34,356 - DEBUG - musicbot.bot | In bot.py::MainThread(33476), line 704 in deserialize_queue: Deserializing queue for 493300096662765578
[3.9566960334777832] 2019-02-06 14:29:34,475 - DEBUG - musicbot.bot | In bot.py::MainThread(33476), line 423 in get_player: Created player via deserialization for guild 493300096662765578 with 1 entries
[3.9566960334777832] 2019-02-06 14:29:34,475 - INFO - musicbot.bot | In bot.py::MainThread(33476), line 295 in _join_startup_channels: Joined Polypaston/General
[3.9576878547668457] 2019-02-06 14:29:34,476 - INFO - musicbot.bot | In bot.py::MainThread(33476), line 279 in _join_startup_channels: Attempting to join The Ducklings CompeteLeague Team/General
[3.9586801528930664] 2019-02-06 14:29:34,477 - DEBUG - musicbot.entry | In entry.py::MainThread(33476), line 56 in get_ready_future: Created future for audio_cache\youtube-FM7MFYoylVs-The_Chainsmokers_Coldplay_-_Something_Just_Like_This_Lyric.webm
[3.9586801528930664] 2019-02-06 14:29:34,477 - FFMPEG - musicbot.player | In player.py::MainThread(33476), line 273 in _play: Creating player with options: -nostdin -vn audio_cache\youtube-FM7MFYoylVs-The_Chainsmokers_Coldplay_-_Something_Just_Like_This_Lyric.webm
[3.9626476764678955] 2019-02-06 14:29:34,481 - DEBUG - musicbot.player | In player.py::MainThread(33476), line 284 in _play: Playing <discord.player.PCMVolumeTransformer object at 0x038A1BB0> using <discord.voice_client.VoiceClient object at 0x058B7430>
[3.9631674289703369] 2019-02-06 14:29:34,481 - INFO - musicbot.bot | In bot.py::MainThread(33476), line 254 in _autopause: Initial autopause in empty channel
[3.9641351699829102] 2019-02-06 14:29:34,482 - DEBUG - musicbot.bot | In bot.py::MainThread(33476), line 458 in on_player_play: Running on_player_play
[3.9641351699829102] 2019-02-06 14:29:34,482 - DEBUG - musicbot.bot | In bot.py::MainThread(33476), line 680 in serialize_queue: Serializing queue for 493300096662765578
[3.9676074981689453] 2019-02-06 14:29:34,486 - DEBUG - musicbot.bot | In bot.py::MainThread(33476), line 506 in on_player_pause: Running on_player_pause
[4.2141196727752686] 2019-02-06 14:29:34,732 - DEBUG - musicbot.bot | In bot.py::MainThread(33476), line 704 in deserialize_queue: Deserializing queue for 356963272601370635
[4.2280080318450928] 2019-02-06 14:29:34,746 - DEBUG - musicbot.bot | In bot.py::MainThread(33476), line 423 in get_player: Created player via deserialization for guild 356963272601370635 with 1 entries
[4.2280080318450928] 2019-02-06 14:29:34,746 - INFO - musicbot.bot | In bot.py::MainThread(33476), line 295 in _join_startup_channels: Joined The Ducklings CompeteLeague Team/General
[4.2285037040710449] 2019-02-06 14:29:34,747 - INFO - musicbot.bot | In bot.py::MainThread(33476), line 279 in _join_startup_channels: Attempting to join Discord Server For When Krysten's Around Because She Hates Everyone Else's Discord Servers/klub
[4.2304875850677490] 2019-02-06 14:29:34,749 - DEBUG - musicbot.entry | In entry.py::MainThread(33476), line 56 in get_ready_future: Created future for audio_cache\youtube-Co0tTeuUVhU-Kanye_West_-_Heartless.webm
[4.2304875850677490] 2019-02-06 14:29:34,749 - FFMPEG - musicbot.player | In player.py::MainThread(33476), line 273 in _play: Creating player with options: -nostdin -vn audio_cache\youtube-Co0tTeuUVhU-Kanye_West_-_Heartless.webm
[4.2344551086425781] 2019-02-06 14:29:34,753 - DEBUG - musicbot.player | In player.py::MainThread(33476), line 284 in _play: Playing <discord.player.PCMVolumeTransformer object at 0x063A6E30> using <discord.voice_client.VoiceClient object at 0x063A6230>
[4.2354483604431152] 2019-02-06 14:29:34,754 - INFO - musicbot.bot | In bot.py::MainThread(33476), line 254 in _autopause: Initial autopause in empty channel
[4.2364394664764404] 2019-02-06 14:29:34,755 - DEBUG - musicbot.bot | In bot.py::MainThread(33476), line 458 in on_player_play: Running on_player_play
[4.2364394664764404] 2019-02-06 14:29:34,755 - DEBUG - musicbot.bot | In bot.py::MainThread(33476), line 680 in serialize_queue: Serializing queue for 356963272601370635
[4.2394146919250488] 2019-02-06 14:29:34,758 - DEBUG - musicbot.bot | In bot.py::MainThread(33476), line 506 in on_player_pause: Running on_player_pause
[4.5030739307403564] 2019-02-06 14:29:35,021 - DEBUG - musicbot.bot | In bot.py::MainThread(33476), line 704 in deserialize_queue: Deserializing queue for 410242793580134400
[4.5174822807312012] 2019-02-06 14:29:35,036 - DEBUG - musicbot.bot | In bot.py::MainThread(33476), line 423 in get_player: Created player via deserialization for guild 410242793580134400 with 1 entries
[4.5174822807312012] 2019-02-06 14:29:35,036 - INFO - musicbot.bot | In bot.py::MainThread(33476), line 295 in _join_startup_channels: Joined Discord Server For When Krysten's Around Because She Hates Everyone Else's Discord Servers/klub
[4.5184502601623535] 2019-02-06 14:29:35,037 - WARNING - musicbot.bot | In bot.py::MainThread(33476), line 1078 in on_ready: Your config file is missing some options. If you have recently updated, check the example_options.ini file to see if there are new options available to you. The options missing are: {'usealias'}
[4.5199379920959473] 2019-02-06 14:29:35,038 - DEBUG - musicbot.entry | In entry.py::MainThread(33476), line 56 in get_ready_future: Created future for audio_cache\youtube-45Fvy5h38KI-Alice_Merton_-_Why_So_Serious_Official_Video.webm
[4.5199379920959473] 2019-02-06 14:29:35,038 - FFMPEG - musicbot.player | In player.py::MainThread(33476), line 273 in _play: Creating player with options: -nostdin -vn audio_cache\youtube-45Fvy5h38KI-Alice_Merton_-_Why_So_Serious_Official_Video.webm
[4.5229387283325195] 2019-02-06 14:29:35,041 - DEBUG - musicbot.player | In player.py::MainThread(33476), line 284 in _play: Playing <discord.player.PCMVolumeTransformer object at 0x06827DD0> using <discord.voice_client.VoiceClient object at 0x058CFED0>
[4.5239052772521973] 2019-02-06 14:29:35,042 - DEBUG - musicbot.bot | In bot.py::MainThread(33476), line 458 in on_player_play: Running on_player_play
[4.5244026184082031] 2019-02-06 14:29:35,042 - DEBUG - musicbot.bot | In bot.py::MainThread(33476), line 680 in serialize_queue: Serializing queue for 410242793580134400
[19.9291687011718750] 2019-02-06 14:29:50,447 - INFO - musicbot.bot | In bot.py::MainThread(33476), line 2672 in on_message: 197700775567294464/Polyduck#6933: !play singwithme
[20.5948491096496582] 2019-02-06 14:29:51,113 - DEBUG - musicbot.bot | In bot.py::MainThread(33476), line 1371 in cmd_play: Processing It's Gonna Be Me *NSYNC
[21.0273859500885010] 2019-02-06 14:29:51,545 - DEBUG - musicbot.bot | In bot.py::MainThread(33476), line 1407 in cmd_play: {'_type': 'url', 'url': "ytsearch:It's Gonna Be Me *NSYNC", 'ie_key': None, 'extractor': 'generic', 'webpage_url': "It's Gonna Be Me *NSYNC", 'webpage_url_basename': "It's Gonna Be Me *NSYNC", 'extractor_key': 'Generic'}
[25.3008337020874023] 2019-02-06 14:29:55,819 - DEBUG - musicbot.entry | In entry.py::MainThread(33476), line 56 in get_ready_future: Created future for None
[25.3008337020874023] 2019-02-06 14:29:55,819 - DEBUG - musicbot.bot | In bot.py::MainThread(33476), line 1371 in cmd_play: Processing Bye Bye Bye *NSYNC
[25.3018019199371338] 2019-02-06 14:29:55,820 - DEBUG - musicbot.bot | In bot.py::MainThread(33476), line 595 in on_player_entry_added: Running on_player_entry_added
[25.3018019199371338] 2019-02-06 14:29:55,820 - DEBUG - musicbot.bot | In bot.py::MainThread(33476), line 680 in serialize_queue: Serializing queue for 410242793580134400
[25.3077778816223145] 2019-02-06 14:29:55,826 - INFO - musicbot.entry | In entry.py::MainThread(33476), line 207 in _download: Download cached: https://www.youtube.com/watch?v=GQMlWwIXg3M
[25.4085774421691895] 2019-02-06 14:29:55,927 - DEBUG - musicbot.bot | In bot.py::MainThread(33476), line 1407 in cmd_play: {'_type': 'url', 'url': 'ytsearch:Bye Bye Bye *NSYNC', 'ie_key': None, 'extractor': 'generic', 'webpage_url': 'Bye Bye Bye *NSYNC', 'webpage_url_basename': 'Bye Bye Bye *NSYNC', 'extractor_key': 'Generic'}
[29.9116666316986084] 2019-02-06 14:30:00,430 - DEBUG - musicbot.bot | In bot.py::MainThread(33476), line 1371 in cmd_play: Processing I Want It That Way Backstreet Boys
[29.9126265048980713] 2019-02-06 14:30:00,431 - DEBUG - musicbot.bot | In bot.py::MainThread(33476), line 595 in on_player_entry_added: Running on_player_entry_added
[29.9131221771240234] 2019-02-06 14:30:00,431 - DEBUG - musicbot.bot | In bot.py::MainThread(33476), line 680 in serialize_queue: Serializing queue for 410242793580134400
[30.0413210391998291] 2019-02-06 14:30:00,559 - DEBUG - musicbot.bot | In bot.py::MainThread(33476), line 1407 in cmd_play: {'_type': 'url', 'url': 'ytsearch:I Want It That Way Backstreet Boys', 'ie_key': None, 'extractor': 'generic', 'webpage_url': 'I Want It That Way Backstreet Boys', 'webpage_url_basename': 'I Want It That Way Backstreet Boys', 'extractor_key': 'Generic'}
[34.3242058753967285] 2019-02-06 14:30:04,842 - DEBUG - musicbot.bot | In bot.py::MainThread(33476), line 1371 in cmd_play: Processing Everybody (Backstreet's Back) - Radio Edit Backstreet Boys
[34.3256692886352539] 2019-02-06 14:30:04,844 - DEBUG - musicbot.bot | In bot.py::MainThread(33476), line 595 in on_player_entry_added: Running on_player_entry_added
[34.3256692886352539] 2019-02-06 14:30:04,844 - DEBUG - musicbot.bot | In bot.py::MainThread(33476), line 680 in serialize_queue: Serializing queue for 410242793580134400
[34.4298279285430908] 2019-02-06 14:30:04,948 - DEBUG - musicbot.bot | In bot.py::MainThread(33476), line 1407 in cmd_play: {'_type': 'url', 'url': "ytsearch:Everybody (Backstreet's Back) - Radio Edit Backstreet Boys", 'ie_key': None, 'extractor': 'generic', 'webpage_url': "Everybody (Backstreet's Back) - Radio Edit Backstreet Boys", 'webpage_url_basename': "Everybody (Backstreet's Back) - Radio Edit Backstreet Boys", 'extractor_key': 'Generic'}
[38.5506861209869385] 2019-02-06 14:30:09,069 - DEBUG - musicbot.bot | In bot.py::MainThread(33476), line 1371 in cmd_play: Processing Baby Justin Bieber
[38.5521750450134277] 2019-02-06 14:30:09,070 - DEBUG - musicbot.bot | In bot.py::MainThread(33476), line 595 in on_player_entry_added: Running on_player_entry_added
[38.5521750450134277] 2019-02-06 14:30:09,070 - DEBUG - musicbot.bot | In bot.py::MainThread(33476), line 680 in serialize_queue: Serializing queue for 410242793580134400
[38.8047997951507568] 2019-02-06 14:30:09,323 - DEBUG - musicbot.bot | In bot.py::MainThread(33476), line 1407 in cmd_play: {'_type': 'url', 'url': 'ytsearch:Baby Justin Bieber', 'ie_key': None, 'extractor': 'generic', 'webpage_url': 'Baby Justin Bieber', 'webpage_url_basename': 'Baby Justin Bieber', 'extractor_key': 'Generic'}
[43.0269474983215332] 2019-02-06 14:30:13,545 - DEBUG - musicbot.bot | In bot.py::MainThread(33476), line 1371 in cmd_play: Processing Hello Lionel Richie
[43.0279397964477539] 2019-02-06 14:30:13,546 - DEBUG - musicbot.bot | In bot.py::MainThread(33476), line 595 in on_player_entry_added: Running on_player_entry_added
[43.0279397964477539] 2019-02-06 14:30:13,546 - DEBUG - musicbot.bot | In bot.py::MainThread(33476), line 680 in serialize_queue: Serializing queue for 410242793580134400
[43.2036554813385010] 2019-02-06 14:30:13,722 - DEBUG - musicbot.bot | In bot.py::MainThread(33476), line 1407 in cmd_play: {'_type': 'url', 'url': 'ytsearch:Hello Lionel Richie', 'ie_key': None, 'extractor': 'generic', 'webpage_url': 'Hello Lionel Richie', 'webpage_url_basename': 'Hello Lionel Richie', 'extractor_key': 'Generic'}
[47.7897469997406006] 2019-02-06 14:30:18,308 - DEBUG - musicbot.bot | In bot.py::MainThread(33476), line 1371 in cmd_play: Processing Fast Car Boyce Avenue
[47.7907605171203613] 2019-02-06 14:30:18,309 - DEBUG - musicbot.bot | In bot.py::MainThread(33476), line 595 in on_player_entry_added: Running on_player_entry_added
[47.7907605171203613] 2019-02-06 14:30:18,309 - DEBUG - musicbot.bot | In bot.py::MainThread(33476), line 680 in serialize_queue: Serializing queue for 410242793580134400
[48.2135086059570312] 2019-02-06 14:30:18,732 - DEBUG - musicbot.bot | In bot.py::MainThread(33476), line 1407 in cmd_play: {'_type': 'url', 'url': 'ytsearch:Fast Car Boyce Avenue', 'ie_key': None, 'extractor': 'generic', 'webpage_url': 'Fast Car Boyce Avenue', 'webpage_url_basename': 'Fast Car Boyce Avenue', 'extractor_key': 'Generic'}
[53.5414409637451172] 2019-02-06 14:30:24,060 - DEBUG - musicbot.bot | In bot.py::MainThread(33476), line 1371 in cmd_play: Processing Teenage Dream Katy Perry
[53.5424342155456543] 2019-02-06 14:30:24,061 - DEBUG - musicbot.bot | In bot.py::MainThread(33476), line 595 in on_player_entry_added: Running on_player_entry_added
[53.5424342155456543] 2019-02-06 14:30:24,061 - DEBUG - musicbot.bot | In bot.py::MainThread(33476), line 680 in serialize_queue: Serializing queue for 410242793580134400
[53.6490490436553955] 2019-02-06 14:30:24,167 - DEBUG - musicbot.bot | In bot.py::MainThread(33476), line 1407 in cmd_play: {'_type': 'url', 'url': 'ytsearch:Teenage Dream Katy Perry', 'ie_key': None, 'extractor': 'generic', 'webpage_url': 'Teenage Dream Katy Perry', 'webpage_url_basename': 'Teenage Dream Katy Perry', 'extractor_key': 'Generic'}
[57.8964550495147705] 2019-02-06 14:30:28,415 - DEBUG - musicbot.bot | In bot.py::MainThread(33476), line 1371 in cmd_play: Processing Total Eclipse of the Heart Bonnie Tyler
[57.8974468708038330] 2019-02-06 14:30:28,416 - DEBUG - musicbot.bot | In bot.py::MainThread(33476), line 595 in on_player_entry_added: Running on_player_entry_added
[57.8979427814483643] 2019-02-06 14:30:28,416 - DEBUG - musicbot.bot | In bot.py::MainThread(33476), line 680 in serialize_queue: Serializing queue for 410242793580134400
[57.9931747913360596] 2019-02-06 14:30:28,511 - DEBUG - musicbot.bot | In bot.py::MainThread(33476), line 1407 in cmd_play: {'_type': 'url', 'url': 'ytsearch:Total Eclipse of the Heart Bonnie Tyler', 'ie_key': None, 'extractor': 'generic', 'webpage_url': 'Total Eclipse of the Heart Bonnie Tyler', 'webpage_url_basename': 'Total Eclipse of the Heart Bonnie Tyler', 'extractor_key': 'Generic'}
[64.2716226577758789] 2019-02-06 14:30:34,790 - DEBUG - musicbot.bot | In bot.py::MainThread(33476), line 1371 in cmd_play: Processing Love Story Taylor Swift
[64.2726154327392578] 2019-02-06 14:30:34,791 - DEBUG - musicbot.bot | In bot.py::MainThread(33476), line 595 in on_player_entry_added: Running on_player_entry_added
[64.2726154327392578] 2019-02-06 14:30:34,791 - DEBUG - musicbot.bot | In bot.py::MainThread(33476), line 680 in serialize_queue: Serializing queue for 410242793580134400
[64.3593902587890625] 2019-02-06 14:30:34,877 - DEBUG - musicbot.bot | In bot.py::MainThread(33476), line 1407 in cmd_play: {'_type': 'url', 'url': 'ytsearch:Love Story Taylor Swift', 'ie_key': None, 'extractor': 'generic', 'webpage_url': 'Love Story Taylor Swift', 'webpage_url_basename': 'Love Story Taylor Swift', 'extractor_key': 'Generic'}
[68.6478376388549805] 2019-02-06 14:30:39,166 - DEBUG - musicbot.bot | In bot.py::MainThread(33476), line 1371 in cmd_play: Processing Take Me Home, Country Roads - Rerecorded John Denver
[68.6488025188446045] 2019-02-06 14:30:39,167 - DEBUG - musicbot.bot | In bot.py::MainThread(33476), line 595 in on_player_entry_added: Running on_player_entry_added
[68.6488025188446045] 2019-02-06 14:30:39,167 - DEBUG - musicbot.bot | In bot.py::MainThread(33476), line 680 in serialize_queue: Serializing queue for 410242793580134400
[68.8641278743743896] 2019-02-06 14:30:39,382 - DEBUG - musicbot.bot | In bot.py::MainThread(33476), line 1407 in cmd_play: {'_type': 'url', 'url': 'ytsearch:Take Me Home, Country Roads - Rerecorded John Denver', 'ie_key': None, 'extractor': 'generic', 'webpage_url': 'Take Me Home, Country Roads - Rerecorded John Denver', 'webpage_url_basename': 'Take Me Home, Country Roads - Rerecorded John Denver', 'extractor_key': 'Generic'}
[73.3598852157592773] 2019-02-06 14:30:43,878 - DEBUG - musicbot.bot | In bot.py::MainThread(33476), line 1371 in cmd_play: Processing A Thousand Miles Vanessa Carlton
[73.3608782291412354] 2019-02-06 14:30:43,879 - DEBUG - musicbot.bot | In bot.py::MainThread(33476), line 595 in on_player_entry_added: Running on_player_entry_added
[73.3608782291412354] 2019-02-06 14:30:43,879 - DEBUG - musicbot.bot | In bot.py::MainThread(33476), line 680 in serialize_queue: Serializing queue for 410242793580134400
[73.4555883407592773] 2019-02-06 14:30:43,974 - DEBUG - musicbot.bot | In bot.py::MainThread(33476), line 1407 in cmd_play: {'_type': 'url', 'url': 'ytsearch:A Thousand Miles Vanessa Carlton', 'ie_key': None, 'extractor': 'generic', 'webpage_url': 'A Thousand Miles Vanessa Carlton', 'webpage_url_basename': 'A Thousand Miles Vanessa Carlton', 'extractor_key': 'Generic'}
[77.6686530113220215] 2019-02-06 14:30:48,187 - DEBUG - musicbot.bot | In bot.py::MainThread(33476), line 1371 in cmd_play: Processing You Belong With Me Taylor Swift
[77.6696445941925049] 2019-02-06 14:30:48,188 - DEBUG - musicbot.bot | In bot.py::MainThread(33476), line 595 in on_player_entry_added: Running on_player_entry_added
[77.6696445941925049] 2019-02-06 14:30:48,188 - DEBUG - musicbot.bot | In bot.py::MainThread(33476), line 680 in serialize_queue: Serializing queue for 410242793580134400
[77.7941608428955078] 2019-02-06 14:30:48,312 - DEBUG - musicbot.bot | In bot.py::MainThread(33476), line 1407 in cmd_play: {'_type': 'url', 'url': 'ytsearch:You Belong With Me Taylor Swift', 'ie_key': None, 'extractor': 'generic', 'webpage_url': 'You Belong With Me Taylor Swift', 'webpage_url_basename': 'You Belong With Me Taylor Swift', 'extractor_key': 'Generic'}
[82.0991692543029785] 2019-02-06 14:30:52,617 - DEBUG - musicbot.bot | In bot.py::MainThread(33476), line 1371 in cmd_play: Processing Say My Name Destiny's Child
[82.1001620292663574] 2019-02-06 14:30:52,618 - DEBUG - musicbot.bot | In bot.py::MainThread(33476), line 595 in on_player_entry_added: Running on_player_entry_added
[82.1001620292663574] 2019-02-06 14:30:52,618 - DEBUG - musicbot.bot | In bot.py::MainThread(33476), line 680 in serialize_queue: Serializing queue for 410242793580134400
[82.1934094429016113] 2019-02-06 14:30:52,712 - DEBUG - musicbot.bot | In bot.py::MainThread(33476), line 1407 in cmd_play: {'_type': 'url', 'url': "ytsearch:Say My Name Destiny's Child", 'ie_key': None, 'extractor': 'generic', 'webpage_url': "Say My Name Destiny's Child", 'webpage_url_basename': "Say My Name Destiny's Child", 'extractor_key': 'Generic'}
[86.6739308834075928] 2019-02-06 14:30:57,192 - DEBUG - musicbot.bot | In bot.py::MainThread(33476), line 1371 in cmd_play: Processing Waterfalls TLC
[86.6749229431152344] 2019-02-06 14:30:57,193 - DEBUG - musicbot.bot | In bot.py::MainThread(33476), line 595 in on_player_entry_added: Running on_player_entry_added
[86.6749229431152344] 2019-02-06 14:30:57,193 - DEBUG - musicbot.bot | In bot.py::MainThread(33476), line 680 in serialize_queue: Serializing queue for 410242793580134400
[86.7821857929229736] 2019-02-06 14:30:57,300 - DEBUG - musicbot.bot | In bot.py::MainThread(33476), line 1407 in cmd_play: {'_type': 'url', 'url': 'ytsearch:Waterfalls TLC', 'ie_key': None, 'extractor': 'generic', 'webpage_url': 'Waterfalls TLC', 'webpage_url_basename': 'Waterfalls TLC', 'extractor_key': 'Generic'}
[90.9625759124755859] 2019-02-06 14:31:01,481 - DEBUG - musicbot.bot | In bot.py::MainThread(33476), line 1371 in cmd_play: Processing I Wanna Dance with Somebody (Who Loves Me) Whitney Houston
[90.9635972976684570] 2019-02-06 14:31:01,482 - DEBUG - musicbot.bot | In bot.py::MainThread(33476), line 595 in on_player_entry_added: Running on_player_entry_added
[90.9635972976684570] 2019-02-06 14:31:01,482 - DEBUG - musicbot.bot | In bot.py::MainThread(33476), line 680 in serialize_queue: Serializing queue for 410242793580134400
[91.0538406372070312] 2019-02-06 14:31:01,572 - DEBUG - musicbot.bot | In bot.py::MainThread(33476), line 1407 in cmd_play: {'_type': 'url', 'url': 'ytsearch:I Wanna Dance with Somebody (Who Loves Me) Whitney Houston', 'ie_key': None, 'extractor': 'generic', 'webpage_url': 'I Wanna Dance with Somebody (Who Loves Me) Whitney Houston', 'webpage_url_basename': 'I Wanna Dance with Somebody (Who Loves Me) Whitney Houston', 'extractor_key': 'Generic'}
[91.1188158988952637] 2019-02-06 14:31:01,637 - INFO - musicbot.bot | In bot.py::MainThread(33476), line 2672 in on_message: 197700775567294464/Polyduck#6933: !queue
[95.6570572853088379] 2019-02-06 14:31:06,175 - DEBUG - musicbot.bot | In bot.py::MainThread(33476), line 1371 in cmd_play: Processing Love Song Sara Bareilles
[95.6580493450164795] 2019-02-06 14:31:06,176 - DEBUG - musicbot.bot | In bot.py::MainThread(33476), line 595 in on_player_entry_added: Running on_player_entry_added
[95.6580493450164795] 2019-02-06 14:31:06,176 - DEBUG - musicbot.bot | In bot.py::MainThread(33476), line 680 in serialize_queue: Serializing queue for 410242793580134400
[95.8098247051239014] 2019-02-06 14:31:06,328 - DEBUG - musicbot.bot | In bot.py::MainThread(33476), line 1407 in cmd_play: {'_type': 'url', 'url': 'ytsearch:Love Song Sara Bareilles', 'ie_key': None, 'extractor': 'generic', 'webpage_url': 'Love Song Sara Bareilles', 'webpage_url_basename': 'Love Song Sara Bareilles', 'extractor_key': 'Generic'}
[98.3884801864624023] 2019-02-06 14:31:08,907 - INFO - musicbot.bot | In bot.py::MainThread(33476), line 2672 in on_message: 197700775567294464/Polyduck#6933: !clear
[99.7406876087188721] 2019-02-06 14:31:10,259 - DEBUG - musicbot.entry | In entry.py::MainThread(33476), line 56 in get_ready_future: Created future for None
[99.7411835193634033] 2019-02-06 14:31:10,259 - DEBUG - musicbot.bot | In bot.py::MainThread(33476), line 1371 in cmd_play: Processing 1985 Bowling For Soup
[99.7416799068450928] 2019-02-06 14:31:10,260 - DEBUG - musicbot.bot | In bot.py::MainThread(33476), line 595 in on_player_entry_added: Running on_player_entry_added
[99.7416799068450928] 2019-02-06 14:31:10,260 - DEBUG - musicbot.bot | In bot.py::MainThread(33476), line 680 in serialize_queue: Serializing queue for 410242793580134400
[99.7476317882537842] 2019-02-06 14:31:10,266 - INFO - musicbot.entry | In entry.py::MainThread(33476), line 207 in _download: Download cached: https://www.youtube.com/watch?v=Oz6UptPNbdA
[99.8285284042358398] 2019-02-06 14:31:10,347 - DEBUG - musicbot.bot | In bot.py::MainThread(33476), line 1407 in cmd_play: {'_type': 'url', 'url': 'ytsearch:1985 Bowling For Soup', 'ie_key': None, 'extractor': 'generic', 'webpage_url': '1985 Bowling For Soup', 'webpage_url_basename': '1985 Bowling For Soup', 'extractor_key': 'Generic'}
[103.7834136486053467] 2019-02-06 14:31:14,302 - DEBUG - musicbot.bot | In bot.py::MainThread(33476), line 1371 in cmd_play: Processing Mr. Brightside The Killers
[103.7844057083129883] 2019-02-06 14:31:14,302 - DEBUG - musicbot.bot | In bot.py::MainThread(33476), line 595 in on_player_entry_added: Running on_player_entry_added
[103.7844057083129883] 2019-02-06 14:31:14,302 - DEBUG - musicbot.bot | In bot.py::MainThread(33476), line 680 in serialize_queue: Serializing queue for 410242793580134400
[103.8940215110778809] 2019-02-06 14:31:14,412 - DEBUG - musicbot.bot | In bot.py::MainThread(33476), line 1407 in cmd_play: {'_type': 'url', 'url': 'ytsearch:Mr. Brightside The Killers', 'ie_key': None, 'extractor': 'generic', 'webpage_url': 'Mr. Brightside The Killers', 'webpage_url_basename': 'Mr. Brightside The Killers', 'extractor_key': 'Generic'}
[108.1149973869323730] 2019-02-06 14:31:18,633 - DEBUG - musicbot.bot | In bot.py::MainThread(33476), line 1371 in cmd_play: Processing No One Alicia Keys
[108.1160142421722412] 2019-02-06 14:31:18,634 - DEBUG - musicbot.bot | In bot.py::MainThread(33476), line 595 in on_player_entry_added: Running on_player_entry_added
[108.1160142421722412] 2019-02-06 14:31:18,634 - DEBUG - musicbot.bot | In bot.py::MainThread(33476), line 680 in serialize_queue: Serializing queue for 410242793580134400
[108.2151892185211182] 2019-02-06 14:31:18,733 - DEBUG - musicbot.bot | In bot.py::MainThread(33476), line 1407 in cmd_play: {'_type': 'url', 'url': 'ytsearch:No One Alicia Keys', 'ie_key': None, 'extractor': 'generic', 'webpage_url': 'No One Alicia Keys', 'webpage_url_basename': 'No One Alicia Keys', 'extractor_key': 'Generic'}
[112.4269411563873291] 2019-02-06 14:31:22,945 - DEBUG - musicbot.bot | In bot.py::MainThread(33476), line 1371 in cmd_play: Processing Hey There Delilah Plain White T's
[112.4279091358184814] 2019-02-06 14:31:22,946 - DEBUG - musicbot.bot | In bot.py::MainThread(33476), line 595 in on_player_entry_added: Running on_player_entry_added
[112.4279091358184814] 2019-02-06 14:31:22,946 - DEBUG - musicbot.bot | In bot.py::MainThread(33476), line 680 in serialize_queue: Serializing queue for 410242793580134400
[112.5747237205505371] 2019-02-06 14:31:23,093 - DEBUG - musicbot.bot | In bot.py::MainThread(33476), line 1407 in cmd_play: {'_type': 'url', 'url': "ytsearch:Hey There Delilah Plain White T's", 'ie_key': None, 'extractor': 'generic', 'webpage_url': "Hey There Delilah Plain White T's", 'webpage_url_basename': "Hey There Delilah Plain White T's", 'extractor_key': 'Generic'}
[117.1565759181976318] 2019-02-06 14:31:27,675 - DEBUG - musicbot.bot | In bot.py::MainThread(33476), line 1371 in cmd_play: Processing Glamorous Fergie
[117.1570715904235840] 2019-02-06 14:31:27,675 - DEBUG - musicbot.bot | In bot.py::MainThread(33476), line 595 in on_player_entry_added: Running on_player_entry_added
[117.1570715904235840] 2019-02-06 14:31:27,675 - DEBUG - musicbot.bot | In bot.py::MainThread(33476), line 680 in serialize_queue: Serializing queue for 410242793580134400
[117.2607114315032959] 2019-02-06 14:31:27,779 - DEBUG - musicbot.bot | In bot.py::MainThread(33476), line 1407 in cmd_play: {'_type': 'url', 'url': 'ytsearch:Glamorous Fergie', 'ie_key': None, 'extractor': 'generic', 'webpage_url': 'Glamorous Fergie', 'webpage_url_basename': 'Glamorous Fergie', 'extractor_key': 'Generic'}
[121.3510322570800781] 2019-02-06 14:31:31,869 - DEBUG - musicbot.bot | In bot.py::MainThread(33476), line 1371 in cmd_play: Processing Boyfriend Justin Bieber
[121.3525204658508301] 2019-02-06 14:31:31,871 - DEBUG - musicbot.bot | In bot.py::MainThread(33476), line 595 in on_player_entry_added: Running on_player_entry_added
[121.3525204658508301] 2019-02-06 14:31:31,871 - DEBUG - musicbot.bot | In bot.py::MainThread(33476), line 680 in serialize_queue: Serializing queue for 410242793580134400
[121.4522163867950439] 2019-02-06 14:31:31,970 - DEBUG - musicbot.bot | In bot.py::MainThread(33476), line 1407 in cmd_play: {'_type': 'url', 'url': 'ytsearch:Boyfriend Justin Bieber', 'ie_key': None, 'extractor': 'generic', 'webpage_url': 'Boyfriend Justin Bieber', 'webpage_url_basename': 'Boyfriend Justin Bieber', 'extractor_key': 'Generic'}
[125.8820095062255859] 2019-02-06 14:31:36,400 - DEBUG - musicbot.bot | In bot.py::MainThread(33476), line 1371 in cmd_play: Processing Crank That (Soulja Boy) Soulja Boy
[125.8830015659332275] 2019-02-06 14:31:36,401 - DEBUG - musicbot.bot | In bot.py::MainThread(33476), line 595 in on_player_entry_added: Running on_player_entry_added
[125.8834974765777588] 2019-02-06 14:31:36,402 - DEBUG - musicbot.bot | In bot.py::MainThread(33476), line 680 in serialize_queue: Serializing queue for 410242793580134400
[125.9561450481414795] 2019-02-06 14:31:36,474 - DEBUG - musicbot.bot | In bot.py::MainThread(33476), line 1407 in cmd_play: {'_type': 'url', 'url': 'ytsearch:Crank That (Soulja Boy) Soulja Boy', 'ie_key': None, 'extractor': 'generic', 'webpage_url': 'Crank That (Soulja Boy) Soulja Boy', 'webpage_url_basename': 'Crank That (Soulja Boy) Soulja Boy', 'extractor_key': 'Generic'}
[130.4043476581573486] 2019-02-06 14:31:40,922 - DEBUG - musicbot.bot | In bot.py::MainThread(33476), line 1371 in cmd_play: Processing Kiss Me Thru The Phone Soulja Boy
[130.4053392410278320] 2019-02-06 14:31:40,923 - DEBUG - musicbot.bot | In bot.py::MainThread(33476), line 595 in on_player_entry_added: Running on_player_entry_added
[130.4053392410278320] 2019-02-06 14:31:40,923 - DEBUG - musicbot.bot | In bot.py::MainThread(33476), line 680 in serialize_queue: Serializing queue for 410242793580134400
[130.4807567596435547] 2019-02-06 14:31:40,999 - DEBUG - musicbot.bot | In bot.py::MainThread(33476), line 1407 in cmd_play: {'_type': 'url', 'url': 'ytsearch:Kiss Me Thru The Phone Soulja Boy', 'ie_key': None, 'extractor': 'generic', 'webpage_url': 'Kiss Me Thru The Phone Soulja Boy', 'webpage_url_basename': 'Kiss Me Thru The Phone Soulja Boy', 'extractor_key': 'Generic'}
[134.5580487251281738] 2019-02-06 14:31:45,076 - DEBUG - musicbot.bot | In bot.py::MainThread(33476), line 1371 in cmd_play: Processing DONTTRUSTME 3OH!3
[134.5595173835754395] 2019-02-06 14:31:45,078 - DEBUG - musicbot.bot | In bot.py::MainThread(33476), line 595 in on_player_entry_added: Running on_player_entry_added
[134.5595173835754395] 2019-02-06 14:31:45,078 - DEBUG - musicbot.bot | In bot.py::MainThread(33476), line 680 in serialize_queue: Serializing queue for 410242793580134400
[134.6289815902709961] 2019-02-06 14:31:45,147 - DEBUG - musicbot.bot | In bot.py::MainThread(33476), line 1407 in cmd_play: {'_type': 'url', 'url': 'ytsearch:DONTTRUSTME 3OH!3', 'ie_key': None, 'extractor': 'generic', 'webpage_url': 'DONTTRUSTME 3OH!3', 'webpage_url_basename': 'DONTTRUSTME 3OH!3', 'extractor_key': 'Generic'}
[138.6561629772186279] 2019-02-06 14:31:49,174 - DEBUG - musicbot.bot | In bot.py::MainThread(33476), line 1371 in cmd_play: Processing Billionaire (feat. Bruno Mars) Travie McCoy
[138.6571545600891113] 2019-02-06 14:31:49,175 - DEBUG - musicbot.bot | In bot.py::MainThread(33476), line 595 in on_player_entry_added: Running on_player_entry_added
[138.6571545600891113] 2019-02-06 14:31:49,175 - DEBUG - musicbot.bot | In bot.py::MainThread(33476), line 680 in serialize_queue: Serializing queue for 410242793580134400
[138.7419953346252441] 2019-02-06 14:31:49,260 - DEBUG - musicbot.bot | In bot.py::MainThread(33476), line 1407 in cmd_play: {'_type': 'url', 'url': 'ytsearch:Billionaire (feat. Bruno Mars) Travie McCoy', 'ie_key': None, 'extractor': 'generic', 'webpage_url': 'Billionaire (feat. Bruno Mars) Travie McCoy', 'webpage_url_basename': 'Billionaire (feat. Bruno Mars) Travie McCoy', 'extractor_key': 'Generic'}
[142.8781855106353760] 2019-02-06 14:31:53,396 - DEBUG - musicbot.bot | In bot.py::MainThread(33476), line 1371 in cmd_play: Processing Airplanes (feat. Hayley Williams) B.o.B
[142.8791775703430176] 2019-02-06 14:31:53,397 - DEBUG - musicbot.bot | In bot.py::MainThread(33476), line 595 in on_player_entry_added: Running on_player_entry_added
[142.8791775703430176] 2019-02-06 14:31:53,397 - DEBUG - musicbot.bot | In bot.py::MainThread(33476), line 680 in serialize_queue: Serializing queue for 410242793580134400
[143.1247735023498535] 2019-02-06 14:31:53,643 - DEBUG - musicbot.bot | In bot.py::MainThread(33476), line 1407 in cmd_play: {'_type': 'url', 'url': 'ytsearch:Airplanes (feat. Hayley Williams) B.o.B', 'ie_key': None, 'extractor': 'generic', 'webpage_url': 'Airplanes (feat. Hayley Williams) B.o.B', 'webpage_url_basename': 'Airplanes (feat. Hayley Williams) B.o.B', 'extractor_key': 'Generic'}
[147.5012450218200684] 2019-02-06 14:31:58,019 - DEBUG - musicbot.bot | In bot.py::MainThread(33476), line 1371 in cmd_play: Processing Paper Planes M.I.A.
[147.5027453899383545] 2019-02-06 14:31:58,021 - DEBUG - musicbot.bot | In bot.py::MainThread(33476), line 595 in on_player_entry_added: Running on_player_entry_added
[147.5027453899383545] 2019-02-06 14:31:58,021 - DEBUG - musicbot.bot | In bot.py::MainThread(33476), line 680 in serialize_queue: Serializing queue for 410242793580134400
[147.6535167694091797] 2019-02-06 14:31:58,172 - DEBUG - musicbot.bot | In bot.py::MainThread(33476), line 1407 in cmd_play: {'_type': 'url', 'url': 'ytsearch:Paper Planes M.I.A.', 'ie_key': None, 'extractor': 'generic', 'webpage_url': 'Paper Planes M.I.A.', 'webpage_url_basename': 'Paper Planes M.I.A.', 'extractor_key': 'Generic'}
[151.8683083057403564] 2019-02-06 14:32:02,386 - DEBUG - musicbot.bot | In bot.py::MainThread(33476), line 1371 in cmd_play: Processing Heartless Kanye West
[151.8692750930786133] 2019-02-06 14:32:02,387 - DEBUG - musicbot.bot | In bot.py::MainThread(33476), line 595 in on_player_entry_added: Running on_player_entry_added
[151.8692750930786133] 2019-02-06 14:32:02,387 - DEBUG - musicbot.bot | In bot.py::MainThread(33476), line 680 in serialize_queue: Serializing queue for 410242793580134400
[151.9695000648498535] 2019-02-06 14:32:02,488 - DEBUG - musicbot.bot | In bot.py::MainThread(33476), line 1407 in cmd_play: {'_type': 'url', 'url': 'ytsearch:Heartless Kanye West', 'ie_key': None, 'extractor': 'generic', 'webpage_url': 'Heartless Kanye West', 'webpage_url_basename': 'Heartless Kanye West', 'extractor_key': 'Generic'}
[156.1787390708923340] 2019-02-06 14:32:06,697 - DEBUG - musicbot.bot | In bot.py::MainThread(33476), line 1371 in cmd_play: Processing Viva La Vida Coldplay
[156.1797058582305908] 2019-02-06 14:32:06,698 - DEBUG - musicbot.bot | In bot.py::MainThread(33476), line 595 in on_player_entry_added: Running on_player_entry_added
[156.1797058582305908] 2019-02-06 14:32:06,698 - DEBUG - musicbot.bot | In bot.py::MainThread(33476), line 680 in serialize_queue: Serializing queue for 410242793580134400
[156.2590663433074951] 2019-02-06 14:32:06,777 - DEBUG - musicbot.bot | In bot.py::MainThread(33476), line 1407 in cmd_play: {'_type': 'url', 'url': 'ytsearch:Viva La Vida Coldplay', 'ie_key': None, 'extractor': 'generic', 'webpage_url': 'Viva La Vida Coldplay', 'webpage_url_basename': 'Viva La Vida Coldplay', 'extractor_key': 'Generic'}
[160.6848931312561035] 2019-02-06 14:32:11,203 - DEBUG - musicbot.bot | In bot.py::MainThread(33476), line 1371 in cmd_play: Processing Whatever You Like T.I.
[160.6853926181793213] 2019-02-06 14:32:11,203 - DEBUG - musicbot.bot | In bot.py::MainThread(33476), line 595 in on_player_entry_added: Running on_player_entry_added
[160.6858599185943604] 2019-02-06 14:32:11,204 - DEBUG - musicbot.bot | In bot.py::MainThread(33476), line 680 in serialize_queue: Serializing queue for 410242793580134400
[160.7543354034423828] 2019-02-06 14:32:11,272 - DEBUG - musicbot.bot | In bot.py::MainThread(33476), line 1407 in cmd_play: {'_type': 'url', 'url': 'ytsearch:Whatever You Like T.I.', 'ie_key': None, 'extractor': 'generic', 'webpage_url': 'Whatever You Like T.I.', 'webpage_url_basename': 'Whatever You Like T.I.', 'extractor_key': 'Generic'}
[164.8127613067626953] 2019-02-06 14:32:15,331 - DEBUG - musicbot.bot | In bot.py::MainThread(33476), line 1371 in cmd_play: Processing I Like It Like That Hot Chelle Rae
[164.8137881755828857] 2019-02-06 14:32:15,332 - DEBUG - musicbot.bot | In bot.py::MainThread(33476), line 595 in on_player_entry_added: Running on_player_entry_added
[164.8137881755828857] 2019-02-06 14:32:15,332 - DEBUG - musicbot.bot | In bot.py::MainThread(33476), line 680 in serialize_queue: Serializing queue for 410242793580134400
[164.8827216625213623] 2019-02-06 14:32:15,401 - DEBUG - musicbot.bot | In bot.py::MainThread(33476), line 1407 in cmd_play: {'_type': 'url', 'url': 'ytsearch:I Like It Like That Hot Chelle Rae', 'ie_key': None, 'extractor': 'generic', 'webpage_url': 'I Like It Like That Hot Chelle Rae', 'webpage_url_basename': 'I Like It Like That Hot Chelle Rae', 'extractor_key': 'Generic'}
[169.1568219661712646] 2019-02-06 14:32:19,675 - DEBUG - musicbot.bot | In bot.py::MainThread(33476), line 1371 in cmd_play: Processing Club Can't Handle Me (feat. David Guetta) Flo Rida
[169.1577899456024170] 2019-02-06 14:32:19,676 - DEBUG - musicbot.bot | In bot.py::MainThread(33476), line 595 in on_player_entry_added: Running on_player_entry_added
[169.1577899456024170] 2019-02-06 14:32:19,676 - DEBUG - musicbot.bot | In bot.py::MainThread(33476), line 680 in serialize_queue: Serializing queue for 410242793580134400
[169.2416381835937500] 2019-02-06 14:32:19,760 - DEBUG - musicbot.bot | In bot.py::MainThread(33476), line 1407 in cmd_play: {'_type': 'url', 'url': "ytsearch:Club Can't Handle Me (feat. David Guetta) Flo Rida", 'ie_key': None, 'extractor': 'generic', 'webpage_url': "Club Can't Handle Me (feat. David Guetta) Flo Rida", 'webpage_url_basename': "Club Can't Handle Me (feat. David Guetta) Flo Rida", 'extractor_key': 'Generic'}
[173.5560402870178223] 2019-02-06 14:32:24,074 - DEBUG - musicbot.bot | In bot.py::MainThread(33476), line 1371 in cmd_play: Processing You Make Me Feel... - feat. Sabi Cobra Starship
[173.5575284957885742] 2019-02-06 14:32:24,076 - DEBUG - musicbot.bot | In bot.py::MainThread(33476), line 595 in on_player_entry_added: Running on_player_entry_added
[173.5575284957885742] 2019-02-06 14:32:24,076 - DEBUG - musicbot.bot | In bot.py::MainThread(33476), line 680 in serialize_queue: Serializing queue for 410242793580134400
[173.6393740177154541] 2019-02-06 14:32:24,157 - DEBUG - musicbot.bot | In bot.py::MainThread(33476), line 1407 in cmd_play: {'_type': 'url', 'url': 'ytsearch:You Make Me Feel... - feat. Sabi Cobra Starship', 'ie_key': None, 'extractor': 'generic', 'webpage_url': 'You Make Me Feel... - feat. Sabi Cobra Starship', 'webpage_url_basename': 'You Make Me Feel... - feat. Sabi Cobra Starship', 'extractor_key': 'Generic'}
[177.9630379676818848] 2019-02-06 14:32:28,481 - DEBUG - musicbot.bot | In bot.py::MainThread(33476), line 1371 in cmd_play: Processing Do You Remember Jay Sean
[177.9640302658081055] 2019-02-06 14:32:28,482 - DEBUG - musicbot.bot | In bot.py::MainThread(33476), line 595 in on_player_entry_added: Running on_player_entry_added
[177.9640302658081055] 2019-02-06 14:32:28,482 - DEBUG - musicbot.bot | In bot.py::MainThread(33476), line 680 in serialize_queue: Serializing queue for 410242793580134400
[178.0518217086791992] 2019-02-06 14:32:28,570 - DEBUG - musicbot.bot | In bot.py::MainThread(33476), line 1407 in cmd_play: {'_type': 'url', 'url': 'ytsearch:Do You Remember Jay Sean', 'ie_key': None, 'extractor': 'generic', 'webpage_url': 'Do You Remember Jay Sean', 'webpage_url_basename': 'Do You Remember Jay Sean', 'extractor_key': 'Generic'}
[182.3229427337646484] 2019-02-06 14:32:32,841 - DEBUG - musicbot.bot | In bot.py::MainThread(33476), line 1371 in cmd_play: Processing Rocketeer Far East Movement
[182.3239102363586426] 2019-02-06 14:32:32,842 - DEBUG - musicbot.bot | In bot.py::MainThread(33476), line 595 in on_player_entry_added: Running on_player_entry_added
[182.3239102363586426] 2019-02-06 14:32:32,842 - DEBUG - musicbot.bot | In bot.py::MainThread(33476), line 680 in serialize_queue: Serializing queue for 410242793580134400
[182.4275734424591064] 2019-02-06 14:32:32,946 - DEBUG - musicbot.bot | In bot.py::MainThread(33476), line 1407 in cmd_play: {'_type': 'url', 'url': 'ytsearch:Rocketeer Far East Movement', 'ie_key': None, 'extractor': 'generic', 'webpage_url': 'Rocketeer Far East Movement', 'webpage_url_basename': 'Rocketeer Far East Movement', 'extractor_key': 'Generic'}
[186.6211481094360352] 2019-02-06 14:32:37,139 - DEBUG - musicbot.bot | In bot.py::MainThread(33476), line 1371 in cmd_play: Processing No Hands (feat. Roscoe Dash and Wale) Waka Flocka Flame
[186.6216442584991455] 2019-02-06 14:32:37,140 - DEBUG - musicbot.bot | In bot.py::MainThread(33476), line 595 in on_player_entry_added: Running on_player_entry_added
[186.6221394538879395] 2019-02-06 14:32:37,140 - DEBUG - musicbot.bot | In bot.py::MainThread(33476), line 680 in serialize_queue: Serializing queue for 410242793580134400
[186.7188353538513184] 2019-02-06 14:32:37,237 - DEBUG - musicbot.bot | In bot.py::MainThread(33476), line 1407 in cmd_play: {'_type': 'url', 'url': 'ytsearch:No Hands (feat. Roscoe Dash and Wale) Waka Flocka Flame', 'ie_key': None, 'extractor': 'generic', 'webpage_url': 'No Hands (feat. Roscoe Dash and Wale) Waka Flocka Flame', 'webpage_url_basename': 'No Hands (feat. Roscoe Dash and Wale) Waka Flocka Flame', 'extractor_key': 'Generic'}
[190.9362680912017822] 2019-02-06 14:32:41,454 - DEBUG - musicbot.bot | In bot.py::MainThread(33476), line 1371 in cmd_play: Processing Cyclone (feat. T-Pain) - Main Baby Bash
[190.9372611045837402] 2019-02-06 14:32:41,455 - DEBUG - musicbot.bot | In bot.py::MainThread(33476), line 595 in on_player_entry_added: Running on_player_entry_added
[190.9372611045837402] 2019-02-06 14:32:41,455 - DEBUG - musicbot.bot | In bot.py::MainThread(33476), line 680 in serialize_queue: Serializing queue for 410242793580134400
[191.0068953037261963] 2019-02-06 14:32:41,525 - DEBUG - musicbot.bot | In bot.py::MainThread(33476), line 1407 in cmd_play: {'_type': 'url', 'url': 'ytsearch:Cyclone (feat. T-Pain) - Main Baby Bash', 'ie_key': None, 'extractor': 'generic', 'webpage_url': 'Cyclone (feat. T-Pain) - Main Baby Bash', 'webpage_url_basename': 'Cyclone (feat. T-Pain) - Main Baby Bash', 'extractor_key': 'Generic'}
[195.1454432010650635] 2019-02-06 14:32:45,664 - DEBUG - musicbot.bot | In bot.py::MainThread(33476), line 1371 in cmd_play: Processing Ride Wit Me Nelly
[195.1464350223541260] 2019-02-06 14:32:45,665 - DEBUG - musicbot.bot | In bot.py::MainThread(33476), line 595 in on_player_entry_added: Running on_player_entry_added
[195.1464350223541260] 2019-02-06 14:32:45,665 - DEBUG - musicbot.bot | In bot.py::MainThread(33476), line 680 in serialize_queue: Serializing queue for 410242793580134400
[195.2238373756408691] 2019-02-06 14:32:45,742 - DEBUG - musicbot.bot | In bot.py::MainThread(33476), line 1407 in cmd_play: {'_type': 'url', 'url': 'ytsearch:Ride Wit Me Nelly', 'ie_key': None, 'extractor': 'generic', 'webpage_url': 'Ride Wit Me Nelly', 'webpage_url_basename': 'Ride Wit Me Nelly', 'extractor_key': 'Generic'}
[199.4143426418304443] 2019-02-06 14:32:49,932 - DEBUG - musicbot.bot | In bot.py::MainThread(33476), line 1371 in cmd_play: Processing Apologize OneRepublic
[199.4148619174957275] 2019-02-06 14:32:49,933 - DEBUG - musicbot.bot | In bot.py::MainThread(33476), line 595 in on_player_entry_added: Running on_player_entry_added
[199.4148619174957275] 2019-02-06 14:32:49,933 - DEBUG - musicbot.bot | In bot.py::MainThread(33476), line 680 in serialize_queue: Serializing queue for 410242793580134400
[199.4986634254455566] 2019-02-06 14:32:50,017 - DEBUG - musicbot.bot | In bot.py::MainThread(33476), line 1407 in cmd_play: {'_type': 'url', 'url': 'ytsearch:Apologize OneRepublic', 'ie_key': None, 'extractor': 'generic', 'webpage_url': 'Apologize OneRepublic', 'webpage_url_basename': 'Apologize OneRepublic', 'extractor_key': 'Generic'}
[203.8412315845489502] 2019-02-06 14:32:54,359 - DEBUG - musicbot.bot | In bot.py::MainThread(33476), line 1371 in cmd_play: Processing Sexy Can I Ray J
[203.8422219753265381] 2019-02-06 14:32:54,360 - DEBUG - musicbot.bot | In bot.py::MainThread(33476), line 595 in on_player_entry_added: Running on_player_entry_added
[203.8422219753265381] 2019-02-06 14:32:54,360 - DEBUG - musicbot.bot | In bot.py::MainThread(33476), line 680 in serialize_queue: Serializing queue for 410242793580134400
[203.9156043529510498] 2019-02-06 14:32:54,434 - DEBUG - musicbot.bot | In bot.py::MainThread(33476), line 1407 in cmd_play: {'_type': 'url', 'url': 'ytsearch:Sexy Can I Ray J', 'ie_key': None, 'extractor': 'generic', 'webpage_url': 'Sexy Can I Ray J', 'webpage_url_basename': 'Sexy Can I Ray J', 'extractor_key': 'Generic'}
[208.0559892654418945] 2019-02-06 14:32:58,574 - DEBUG - musicbot.bot | In bot.py::MainThread(33476), line 1371 in cmd_play: Processing Ocean Avenue Yellowcard
[208.0564851760864258] 2019-02-06 14:32:58,575 - DEBUG - musicbot.bot | In bot.py::MainThread(33476), line 595 in on_player_entry_added: Running on_player_entry_added
[208.0569810867309570] 2019-02-06 14:32:58,575 - DEBUG - musicbot.bot | In bot.py::MainThread(33476), line 680 in serialize_queue: Serializing queue for 410242793580134400
[208.1695978641510010] 2019-02-06 14:32:58,688 - DEBUG - musicbot.bot | In bot.py::MainThread(33476), line 1407 in cmd_play: {'_type': 'url', 'url': 'ytsearch:Ocean Avenue Yellowcard', 'ie_key': None, 'extractor': 'generic', 'webpage_url': 'Ocean Avenue Yellowcard', 'webpage_url_basename': 'Ocean Avenue Yellowcard', 'extractor_key': 'Generic'}
[212.2344846725463867] 2019-02-06 14:33:02,753 - DEBUG - musicbot.bot | In bot.py::MainThread(33476), line 1371 in cmd_play: Processing Honestly Hot Chelle Rae
[212.2354707717895508] 2019-02-06 14:33:02,754 - DEBUG - musicbot.bot | In bot.py::MainThread(33476), line 595 in on_player_entry_added: Running on_player_entry_added
[212.2354707717895508] 2019-02-06 14:33:02,754 - DEBUG - musicbot.bot | In bot.py::MainThread(33476), line 680 in serialize_queue: Serializing queue for 410242793580134400
[212.3976643085479736] 2019-02-06 14:33:02,916 - DEBUG - musicbot.bot | In bot.py::MainThread(33476), line 1407 in cmd_play: {'_type': 'url', 'url': 'ytsearch:Honestly Hot Chelle Rae', 'ie_key': None, 'extractor': 'generic', 'webpage_url': 'Honestly Hot Chelle Rae', 'webpage_url_basename': 'Honestly Hot Chelle Rae', 'extractor_key': 'Generic'}
[216.5903778076171875] 2019-02-06 14:33:07,108 - DEBUG - musicbot.bot | In bot.py::MainThread(33476), line 1371 in cmd_play: Processing Nine In The Afternoon - Radio Mix Panic! At The Disco
[216.5913696289062500] 2019-02-06 14:33:07,109 - DEBUG - musicbot.bot | In bot.py::MainThread(33476), line 595 in on_player_entry_added: Running on_player_entry_added
[216.5918655395507812] 2019-02-06 14:33:07,110 - DEBUG - musicbot.bot | In bot.py::MainThread(33476), line 680 in serialize_queue: Serializing queue for 410242793580134400
[216.6583290100097656] 2019-02-06 14:33:07,176 - DEBUG - musicbot.bot | In bot.py::MainThread(33476), line 1407 in cmd_play: {'_type': 'url', 'url': 'ytsearch:Nine In The Afternoon - Radio Mix Panic! At The Disco', 'ie_key': None, 'extractor': 'generic', 'webpage_url': 'Nine In The Afternoon - Radio Mix Panic! At The Disco', 'webpage_url_basename': 'Nine In The Afternoon - Radio Mix Panic! At The Disco', 'extractor_key': 'Generic'}
[220.8091828823089600] 2019-02-06 14:33:11,327 - DEBUG - musicbot.bot | In bot.py::MainThread(33476), line 1371 in cmd_play: Processing Bubbly Colbie Caillat
[220.8096790313720703] 2019-02-06 14:33:11,328 - DEBUG - musicbot.bot | In bot.py::MainThread(33476), line 595 in on_player_entry_added: Running on_player_entry_added
[220.8101749420166016] 2019-02-06 14:33:11,328 - DEBUG - musicbot.bot | In bot.py::MainThread(33476), line 680 in serialize_queue: Serializing queue for 410242793580134400
[220.8776309490203857] 2019-02-06 14:33:11,396 - DEBUG - musicbot.bot | In bot.py::MainThread(33476), line 1407 in cmd_play: {'_type': 'url', 'url': 'ytsearch:Bubbly Colbie Caillat', 'ie_key': None, 'extractor': 'generic', 'webpage_url': 'Bubbly Colbie Caillat', 'webpage_url_basename': 'Bubbly Colbie Caillat', 'extractor_key': 'Generic'}
[225.1514668464660645] 2019-02-06 14:33:15,670 - DEBUG - musicbot.bot | In bot.py::MainThread(33476), line 1371 in cmd_play: Processing Fergalicious Fergie
[225.1524598598480225] 2019-02-06 14:33:15,671 - DEBUG - musicbot.bot | In bot.py::MainThread(33476), line 595 in on_player_entry_added: Running on_player_entry_added
[225.1529552936553955] 2019-02-06 14:33:15,671 - DEBUG - musicbot.bot | In bot.py::MainThread(33476), line 680 in serialize_queue: Serializing queue for 410242793580134400
[225.3116765022277832] 2019-02-06 14:33:15,830 - DEBUG - musicbot.bot | In bot.py::MainThread(33476), line 1407 in cmd_play: {'_type': 'url', 'url': 'ytsearch:Fergalicious Fergie', 'ie_key': None, 'extractor': 'generic', 'webpage_url': 'Fergalicious Fergie', 'webpage_url_basename': 'Fergalicious Fergie', 'extractor_key': 'Generic'}
[229.3448863029479980] 2019-02-06 14:33:19,863 - DEBUG - musicbot.bot | In bot.py::MainThread(33476), line 1371 in cmd_play: Processing Wish Diplo
[229.3458747863769531] 2019-02-06 14:33:19,864 - DEBUG - musicbot.bot | In bot.py::MainThread(33476), line 595 in on_player_entry_added: Running on_player_entry_added
[229.3463704586029053] 2019-02-06 14:33:19,864 - DEBUG - musicbot.bot | In bot.py::MainThread(33476), line 680 in serialize_queue: Serializing queue for 410242793580134400
[229.4371626377105713] 2019-02-06 14:33:19,955 - DEBUG - musicbot.bot | In bot.py::MainThread(33476), line 1407 in cmd_play: {'_type': 'url', 'url': 'ytsearch:Wish Diplo', 'ie_key': None, 'extractor': 'generic', 'webpage_url': 'Wish Diplo', 'webpage_url_basename': 'Wish Diplo', 'extractor_key': 'Generic'}
[233.8628225326538086] 2019-02-06 14:33:24,381 - DEBUG - musicbot.bot | In bot.py::MainThread(33476), line 1371 in cmd_play: Processing September Earth, Wind & Fire
[233.8633182048797607] 2019-02-06 14:33:24,381 - DEBUG - musicbot.bot | In bot.py::MainThread(33476), line 595 in on_player_entry_added: Running on_player_entry_added
[233.8633182048797607] 2019-02-06 14:33:24,381 - DEBUG - musicbot.bot | In bot.py::MainThread(33476), line 680 in serialize_queue: Serializing queue for 410242793580134400
[233.9429018497467041] 2019-02-06 14:33:24,461 - DEBUG - musicbot.bot | In bot.py::MainThread(33476), line 1407 in cmd_play: {'_type': 'url', 'url': 'ytsearch:September Earth, Wind & Fire', 'ie_key': None, 'extractor': 'generic', 'webpage_url': 'September Earth, Wind & Fire', 'webpage_url_basename': 'September Earth, Wind & Fire', 'extractor_key': 'Generic'}
[238.4416902065277100] 2019-02-06 14:33:28,960 - DEBUG - musicbot.bot | In bot.py::MainThread(33476), line 1371 in cmd_play: Processing Africa Toto
[238.4426817893981934] 2019-02-06 14:33:28,961 - DEBUG - musicbot.bot | In bot.py::MainThread(33476), line 595 in on_player_entry_added: Running on_player_entry_added
[238.4426817893981934] 2019-02-06 14:33:28,961 - DEBUG - musicbot.bot | In bot.py::MainThread(33476), line 680 in serialize_queue: Serializing queue for 410242793580134400
[238.5378873348236084] 2019-02-06 14:33:29,056 - DEBUG - musicbot.bot | In bot.py::MainThread(33476), line 1407 in cmd_play: {'_type': 'url', 'url': 'ytsearch:Africa Toto', 'ie_key': None, 'extractor': 'generic', 'webpage_url': 'Africa Toto', 'webpage_url_basename': 'Africa Toto', 'extractor_key': 'Generic'}
[241.4251058101654053] 2019-02-06 14:33:31,943 - DEBUG - musicbot.bot | In bot.py::MainThread(33476), line 515 in on_player_finished_playing: Running on_player_finished_playing
[241.4251058101654053] 2019-02-06 14:33:31,943 - DEBUG - musicbot.bot | In bot.py::MainThread(33476), line 680 in serialize_queue: Serializing queue for 410242793580134400
[241.4315536022186279] 2019-02-06 14:33:31,950 - DEBUG - musicbot.entry | In entry.py::MainThread(33476), line 56 in get_ready_future: Created future for None
[241.4320490360260010] 2019-02-06 14:33:31,950 - DEBUG - musicbot.entry | In entry.py::MainThread(33476), line 56 in get_ready_future: Created future for audio_cache\youtube-Oz6UptPNbdA-Sara_Bareilles_Love_Song_HQ.webm
[241.4320490360260010] 2019-02-06 14:33:31,950 - FFMPEG - musicbot.player | In player.py::MainThread(33476), line 273 in _play: Creating player with options: -nostdin -vn audio_cache\youtube-Oz6UptPNbdA-Sara_Bareilles_Love_Song_HQ.webm
[241.4355216026306152] 2019-02-06 14:33:31,954 - DEBUG - musicbot.player | In player.py::MainThread(33476), line 284 in _play: Playing <discord.player.PCMVolumeTransformer object at 0x08D383D0> using <discord.voice_client.VoiceClient object at 0x058CFED0>
[241.4375054836273193] 2019-02-06 14:33:31,956 - INFO - musicbot.entry | In entry.py::MainThread(33476), line 207 in _download: Download cached: https://www.youtube.com/watch?v=K38xNqZvBJI
[241.4380016326904297] 2019-02-06 14:33:31,956 - DEBUG - musicbot.bot | In bot.py::MainThread(33476), line 458 in on_player_play: Running on_player_play
[241.4384980201721191] 2019-02-06 14:33:31,957 - DEBUG - musicbot.bot | In bot.py::MainThread(33476), line 680 in serialize_queue: Serializing queue for 410242793580134400
[242.9261522293090820] 2019-02-06 14:33:33,444 - DEBUG - musicbot.bot | In bot.py::MainThread(33476), line 1371 in cmd_play: Processing Sweet Caroline Neil Diamond
[242.9266490936279297] 2019-02-06 14:33:33,445 - DEBUG - musicbot.bot | In bot.py::MainThread(33476), line 595 in on_player_entry_added: Running on_player_entry_added
[242.9271204471588135] 2019-02-06 14:33:33,445 - DEBUG - musicbot.bot | In bot.py::MainThread(33476), line 680 in serialize_queue: Serializing queue for 410242793580134400
[243.0274360179901123] 2019-02-06 14:33:33,546 - DEBUG - musicbot.bot | In bot.py::MainThread(33476), line 1407 in cmd_play: {'_type': 'url', 'url': 'ytsearch:Sweet Caroline Neil Diamond', 'ie_key': None, 'extractor': 'generic', 'webpage_url': 'Sweet Caroline Neil Diamond', 'webpage_url_basename': 'Sweet Caroline Neil Diamond', 'extractor_key': 'Generic'}
[247.1411936283111572] 2019-02-06 14:33:37,659 - DEBUG - musicbot.bot | In bot.py::MainThread(33476), line 1371 in cmd_play: Processing Halo Beyonc
[247.1421856880187988] 2019-02-06 14:33:37,660 - DEBUG - musicbot.bot | In bot.py::MainThread(33476), line 595 in on_player_entry_added: Running on_player_entry_added
[247.1421856880187988] 2019-02-06 14:33:37,660 - DEBUG - musicbot.bot | In bot.py::MainThread(33476), line 680 in serialize_queue: Serializing queue for 410242793580134400
[247.2275207042694092] 2019-02-06 14:33:37,746 - DEBUG - musicbot.bot | In bot.py::MainThread(33476), line 1407 in cmd_play: {'_type': 'url', 'url': 'ytsearch:Halo Beyonc', 'ie_key': None, 'extractor': 'generic', 'webpage_url': 'Halo Beyonc', 'webpage_url_basename': 'Halo Beyonc', 'extractor_key': 'Generic'}
[251.8896210193634033] 2019-02-06 14:33:42,408 - DEBUG - musicbot.bot | In bot.py::MainThread(33476), line 1371 in cmd_play: Processing How to Save a Life The Fray
[251.8906118869781494] 2019-02-06 14:33:42,409 - DEBUG - musicbot.bot | In bot.py::MainThread(33476), line 595 in on_player_entry_added: Running on_player_entry_added
[251.8906118869781494] 2019-02-06 14:33:42,409 - DEBUG - musicbot.bot | In bot.py::MainThread(33476), line 680 in serialize_queue: Serializing queue for 410242793580134400
[251.9685313701629639] 2019-02-06 14:33:42,487 - DEBUG - musicbot.bot | In bot.py::MainThread(33476), line 1407 in cmd_play: {'_type': 'url', 'url': 'ytsearch:How to Save a Life The Fray', 'ie_key': None, 'extractor': 'generic', 'webpage_url': 'How to Save a Life The Fray', 'webpage_url_basename': 'How to Save a Life The Fray', 'extractor_key': 'Generic'}
[256.2449026107788086] 2019-02-06 14:33:46,763 - DEBUG - musicbot.bot | In bot.py::MainThread(33476), line 1371 in cmd_play: Processing Can't Help Falling in Love Haley Reinhart
[256.2458953857421875] 2019-02-06 14:33:46,764 - DEBUG - musicbot.bot | In bot.py::MainThread(33476), line 595 in on_player_entry_added: Running on_player_entry_added
[256.2458953857421875] 2019-02-06 14:33:46,764 - DEBUG - musicbot.bot | In bot.py::MainThread(33476), line 680 in serialize_queue: Serializing queue for 410242793580134400
[256.3332042694091797] 2019-02-06 14:33:46,851 - DEBUG - musicbot.bot | In bot.py::MainThread(33476), line 1407 in cmd_play: {'_type': 'url', 'url': "ytsearch:Can't Help Falling in Love Haley Reinhart", 'ie_key': None, 'extractor': 'generic', 'webpage_url': "Can't Help Falling in Love Haley Reinhart", 'webpage_url_basename': "Can't Help Falling in Love Haley Reinhart", 'extractor_key': 'Generic'}
[261.2151899337768555] 2019-02-06 14:33:51,733 - DEBUG - musicbot.bot | In bot.py::MainThread(33476), line 1371 in cmd_play: Processing DJ Got Us Fallin' In Love (feat. Pitbull) Usher
[261.2162122726440430] 2019-02-06 14:33:51,734 - DEBUG - musicbot.bot | In bot.py::MainThread(33476), line 595 in on_player_entry_added: Running on_player_entry_added
[261.2162122726440430] 2019-02-06 14:33:51,734 - DEBUG - musicbot.bot | In bot.py::MainThread(33476), line 680 in serialize_queue: Serializing queue for 410242793580134400
[261.3074481487274170] 2019-02-06 14:33:51,826 - DEBUG - musicbot.bot | In bot.py::MainThread(33476), line 1407 in cmd_play: {'_type': 'url', 'url': "ytsearch:DJ Got Us Fallin' In Love (feat. Pitbull) Usher", 'ie_key': None, 'extractor': 'generic', 'webpage_url': "DJ Got Us Fallin' In Love (feat. Pitbull) Usher", 'webpage_url_basename': "DJ Got Us Fallin' In Love (feat. Pitbull) Usher", 'extractor_key': 'Generic'}
[265.7397341728210449] 2019-02-06 14:33:56,258 - DEBUG - musicbot.bot | In bot.py::MainThread(33476), line 1371 in cmd_play: Processing Tonight Tonight Hot Chelle Rae
[265.7407269477844238] 2019-02-06 14:33:56,259 - DEBUG - musicbot.bot | In bot.py::MainThread(33476), line 595 in on_player_entry_added: Running on_player_entry_added
[265.7407269477844238] 2019-02-06 14:33:56,259 - DEBUG - musicbot.bot | In bot.py::MainThread(33476), line 680 in serialize_queue: Serializing queue for 410242793580134400
[265.8344707489013672] 2019-02-06 14:33:56,353 - DEBUG - musicbot.bot | In bot.py::MainThread(33476), line 1407 in cmd_play: {'_type': 'url', 'url': 'ytsearch:Tonight Tonight Hot Chelle Rae', 'ie_key': None, 'extractor': 'generic', 'webpage_url': 'Tonight Tonight Hot Chelle Rae', 'webpage_url_basename': 'Tonight Tonight Hot Chelle Rae', 'extractor_key': 'Generic'}
[270.1035451889038086] 2019-02-06 14:34:00,622 - DEBUG - musicbot.bot | In bot.py::MainThread(33476), line 1371 in cmd_play: Processing The Other Side Hugh Jackman
[270.1050331592559814] 2019-02-06 14:34:00,623 - DEBUG - musicbot.bot | In bot.py::MainThread(33476), line 595 in on_player_entry_added: Running on_player_entry_added
[270.1050331592559814] 2019-02-06 14:34:00,623 - DEBUG - musicbot.bot | In bot.py::MainThread(33476), line 680 in serialize_queue: Serializing queue for 410242793580134400
[270.2245690822601318] 2019-02-06 14:34:00,743 - DEBUG - musicbot.bot | In bot.py::MainThread(33476), line 1407 in cmd_play: {'_type': 'url', 'url': 'ytsearch:The Other Side Hugh Jackman', 'ie_key': None, 'extractor': 'generic', 'webpage_url': 'The Other Side Hugh Jackman', 'webpage_url_basename': 'The Other Side Hugh Jackman', 'extractor_key': 'Generic'}
[274.3481409549713135] 2019-02-06 14:34:04,866 - DEBUG - musicbot.bot | In bot.py::MainThread(33476), line 1371 in cmd_play: Processing This Is Me Keala Settle
[274.3491325378417969] 2019-02-06 14:34:04,867 - DEBUG - musicbot.bot | In bot.py::MainThread(33476), line 595 in on_player_entry_added: Running on_player_entry_added
[274.3491325378417969] 2019-02-06 14:34:04,867 - DEBUG - musicbot.bot | In bot.py::MainThread(33476), line 680 in serialize_queue: Serializing queue for 410242793580134400
[274.4537894725799561] 2019-02-06 14:34:04,972 - DEBUG - musicbot.bot | In bot.py::MainThread(33476), line 1407 in cmd_play: {'_type': 'url', 'url': 'ytsearch:This Is Me Keala Settle', 'ie_key': None, 'extractor': 'generic', 'webpage_url': 'This Is Me Keala Settle', 'webpage_url_basename': 'This Is Me Keala Settle', 'extractor_key': 'Generic'}
[279.0448360443115234] 2019-02-06 14:34:09,563 - DEBUG - musicbot.bot | In bot.py::MainThread(33476), line 1371 in cmd_play: Processing Rewrite The Stars Zac Efron
[279.0458283424377441] 2019-02-06 14:34:09,564 - DEBUG - musicbot.bot | In bot.py::MainThread(33476), line 595 in on_player_entry_added: Running on_player_entry_added
[279.0458283424377441] 2019-02-06 14:34:09,564 - DEBUG - musicbot.bot | In bot.py::MainThread(33476), line 680 in serialize_queue: Serializing queue for 410242793580134400
[279.2010688781738281] 2019-02-06 14:34:09,719 - DEBUG - musicbot.bot | In bot.py::MainThread(33476), line 1407 in cmd_play: {'_type': 'url', 'url': 'ytsearch:Rewrite The Stars Zac Efron', 'ie_key': None, 'extractor': 'generic', 'webpage_url': 'Rewrite The Stars Zac Efron', 'webpage_url_basename': 'Rewrite The Stars Zac Efron', 'extractor_key': 'Generic'}
[283.4557409286499023] 2019-02-06 14:34:13,974 - DEBUG - musicbot.bot | In bot.py::MainThread(33476), line 1371 in cmd_play: Processing Trust Fund Baby Why Don't We
[283.4567420482635498] 2019-02-06 14:34:13,975 - DEBUG - musicbot.bot | In bot.py::MainThread(33476), line 595 in on_player_entry_added: Running on_player_entry_added
[283.4572360515594482] 2019-02-06 14:34:13,975 - DEBUG - musicbot.bot | In bot.py::MainThread(33476), line 680 in serialize_queue: Serializing queue for 410242793580134400
[283.5743165016174316] 2019-02-06 14:34:14,092 - DEBUG - musicbot.bot | In bot.py::MainThread(33476), line 1407 in cmd_play: {'_type': 'url', 'url': "ytsearch:Trust Fund Baby Why Don't We", 'ie_key': None, 'extractor': 'generic', 'webpage_url': "Trust Fund Baby Why Don't We", 'webpage_url_basename': "Trust Fund Baby Why Don't We", 'extractor_key': 'Generic'}
[287.8594038486480713] 2019-02-06 14:34:18,377 - DEBUG - musicbot.bot | In bot.py::MainThread(33476), line 1371 in cmd_play: Processing Everytime We Touch Cascada
[287.8603971004486084] 2019-02-06 14:34:18,378 - DEBUG - musicbot.bot | In bot.py::MainThread(33476), line 595 in on_player_entry_added: Running on_player_entry_added
[287.8608920574188232] 2019-02-06 14:34:18,379 - DEBUG - musicbot.bot | In bot.py::MainThread(33476), line 680 in serialize_queue: Serializing queue for 410242793580134400
[287.9749717712402344] 2019-02-06 14:34:18,493 - DEBUG - musicbot.bot | In bot.py::MainThread(33476), line 1407 in cmd_play: {'_type': 'url', 'url': 'ytsearch:Everytime We Touch Cascada', 'ie_key': None, 'extractor': 'generic', 'webpage_url': 'Everytime We Touch Cascada', 'webpage_url_basename': 'Everytime We Touch Cascada', 'extractor_key': 'Generic'}
[292.1218237876892090] 2019-02-06 14:34:22,640 - DEBUG - musicbot.bot | In bot.py::MainThread(33476), line 1371 in cmd_play: Processing Sugar, We're Goin Down Fall Out Boy
[292.1233108043670654] 2019-02-06 14:34:22,641 - DEBUG - musicbot.bot | In bot.py::MainThread(33476), line 595 in on_player_entry_added: Running on_player_entry_added
[292.1233108043670654] 2019-02-06 14:34:22,641 - DEBUG - musicbot.bot | In bot.py::MainThread(33476), line 680 in serialize_queue: Serializing queue for 410242793580134400
[292.1987035274505615] 2019-02-06 14:34:22,717 - DEBUG - musicbot.bot | In bot.py::MainThread(33476), line 1407 in cmd_play: {'_type': 'url', 'url': "ytsearch:Sugar, We're Goin Down Fall Out Boy", 'ie_key': None, 'extractor': 'generic', 'webpage_url': "Sugar, We're Goin Down Fall Out Boy", 'webpage_url_basename': "Sugar, We're Goin Down Fall Out Boy", 'extractor_key': 'Generic'}
